<?xml version="1.0" encoding="UTF-8"?>
<!-- Generated by org.testng.reporters.JUnitXMLReporter -->
<testsuite ignored="0" hostname="MARIMUTHU" failures="1" tests="4" name="Test" time="37.926" errors="0" timestamp="2024-12-17T18:34:33 IST">
  <testcase classname="testcases.TC003_LoginDDT" name="verify_loginDDT" time="4.303"/>
  <testcase classname="testcases.TC003_LoginDDT" name="verify_loginDDT" time="3.33">
    <failure type="java.lang.AssertionError" message="expected [true] but found [false]">
      <![CDATA[java.lang.AssertionError: expected [true] but found [false]
at testcases.TC003_LoginDDT.verify_loginDDT(TC003_LoginDDT.java:52)
at java.base/java.util.ArrayList.forEach(ArrayList.java:1597)
... Removed 33 stack frames]]>
    </failure>
  </testcase> <!-- verify_loginDDT -->
  <testcase classname="testcases.TC003_LoginDDT" name="verify_loginDDT" time="11.233"/>
  <testcase classname="testcases.TC003_LoginDDT" name="verify_loginDDT" time="11.017"/>
</testsuite> <!-- Test -->
