<?xml version="1.0" encoding="UTF-8"?>
<!-- Generated by org.testng.reporters.JUnitXMLReporter -->
<testsuite ignored="0" hostname="MARIMUTHU" failures="1" tests="2" name="Test" time="28.043" errors="0" timestamp="2024-12-14T13:35:33 IST">
  <testcase classname="testcases.TC001_OrangeHRMLoginTest" name="verify_Login" time="11.489">
    <failure type="java.lang.AssertionError" message="null">
      <![CDATA[java.lang.AssertionError: null
at testcases.TC001_OrangeHRMLoginTest.verify_Login(TC001_OrangeHRMLoginTest.java:44)
at java.base/java.util.ArrayList.forEach(ArrayList.java:1597)
... Removed 27 stack frames]]>
    </failure>
  </testcase> <!-- verify_Login -->
  <testcase classname="testcases.TC002_RequirementTest" name="verify_recruitment" time="5.027"/>
</testsuite> <!-- Test -->
